2020-12-27 03:23:04,671 - instabot version: 0.117.0 (bot) - INFO - Instabot version: 0.117.0 Started
2020-12-27 03:23:04,671 - instabot version: 0.117.0 (bot) - DEBUG - Bot imported from /Users/oak/opt/anaconda3/lib/python3.7/site-packages/instabot/bot/bot.py
2020-12-27 03:23:04,672 - instabot version: 0.117.0 (api_login) - DEBUG - Loading cookies
2020-12-27 03:23:04,672 - instabot version: 0.117.0 (api_login) - DEBUG - Loading uuids
2020-12-27 03:23:04,672 - instabot version: 0.117.0 (api_login) - INFO - Recovery from /Users/oak/Work/InstaBot/tg_bot/config/oaks_bot_uuid_and_cookie.json: COOKIE True - UUIDs True - TIMING, DEVICE and ...
- user-agent=Instagram 117.0.0.28.123 Android (28/9.0; 420dpi; 1080x1920; OnePlus; ONEPLUS A3003; OnePlus3; qcom; en_US; 180322800)
- phone_id=1af75152-18c2-4e49-aacf-9c4d86c5b00a
- uuid=acb79310-00a5-46c3-aa26-4c539f318181
- client_session_id=59c2e6d4-9b1c-468e-a0bf-5a5849d9c62f
- device_id=android-4521b2fc925cd29a
2020-12-27 03:23:04,672 - instabot version: 0.117.0 (api_login) - INFO - LOGIN FLOW! Just logged-in: False
2020-12-27 03:23:06,191 - instabot version: 0.117.0 (api) - DEBUG - POST to endpoint: feed/timeline/ returned response: <Response [200]>
2020-12-27 03:23:06,753 - instabot version: 0.117.0 (api) - DEBUG - POST to endpoint: feed/reels_tray/ returned response: <Response [200]>
2020-12-27 03:23:06,754 - instabot version: 0.117.0 (api) - INFO - Logged-in successfully as 'oaks_bot'!
2020-12-27 03:23:06,754 - instabot version: 0.117.0 (bot_checkpoint) - DEBUG - Loading Checkpoint file from: /Users/oak/Work/InstaBot/tg_bot/config/oaks_bot.checkpoint
2020-12-27 03:23:34,303 - instabot version: 0.117.0 (api) - DEBUG - GET to endpoint: media/2409052937758240960/info/ returned response: <Response [200]>
2020-12-27 03:23:35,140 - instabot version: 0.117.0 (api) - DEBUG - GET to endpoint: media/2409052937758240960/comments/ returned response: <Response [200]>
2020-12-27 03:23:35,640 - instabot version: 0.117.0 (api) - DEBUG - GET to endpoint: media/2409052937758240960/comments/?max_id={"server_cursor": "QVFBQUllVEhqY184d3E4T0tPMFdhYUlHLXdqM29jbXFwUmgwS2s5c0s3VGUtRFFIcEx1cGlVNHdVN1ZFRVRTQ295NjJDU05ZVnpkSHdER0pEazNtQWtCUQ==", "is_server_cursor_inverse": false} returned response: <Response [200]>
2020-12-27 03:23:44,037 - instabot version: 0.117.0 (api) - DEBUG - GET to endpoint: media/2409052937758240960/info/ returned response: <Response [200]>
2020-12-27 03:23:44,643 - instabot version: 0.117.0 (api) - DEBUG - GET to endpoint: media/2409052937758240960/comments/ returned response: <Response [200]>
2020-12-27 03:23:45,154 - instabot version: 0.117.0 (api) - DEBUG - GET to endpoint: media/2409052937758240960/comments/?max_id={"server_cursor": "QVFCUXkxRURpdXhHX2RwTW5HTVFsMDE2dEk5T3lHZjZiUjd0NVZ0TjduTWViYXZUd1lFRlFjLUcwZlE4aDlic0trYVR4czNPVnJBc3ZzU2xTaFdoWDRJNw==", "is_server_cursor_inverse": false} returned response: <Response [200]>
2020-12-27 03:41:58,110 - instabot version: 0.117.0 (bot_checkpoint) - DEBUG - Saving Checkpoint file to: /Users/oak/Work/InstaBot/tg_bot/config/oaks_bot.checkpoint
2020-12-27 03:41:58,111 - instabot version: 0.117.0 (bot) - INFO - Total requests: 93
