2020-12-27 03:45:59,049 - instabot version: 0.117.0 (bot) - INFO - Instabot version: 0.117.0 Started
2020-12-27 03:45:59,049 - instabot version: 0.117.0 (bot) - DEBUG - Bot imported from /Users/oak/opt/anaconda3/lib/python3.7/site-packages/instabot/bot/bot.py
2020-12-27 03:45:59,050 - instabot version: 0.117.0 (api_login) - DEBUG - Loading cookies
2020-12-27 03:45:59,050 - instabot version: 0.117.0 (api_login) - DEBUG - Loading uuids
2020-12-27 03:45:59,050 - instabot version: 0.117.0 (api_login) - INFO - Recovery from /Users/oak/Work/InstaBot/tg_bot/config/oaks_bot_uuid_and_cookie.json: COOKIE True - UUIDs True - TIMING, DEVICE and ...
- user-agent=Instagram 117.0.0.28.123 Android (28/9.0; 420dpi; 1080x1920; OnePlus; ONEPLUS A3003; OnePlus3; qcom; en_US; 180322800)
- phone_id=1af75152-18c2-4e49-aacf-9c4d86c5b00a
- uuid=acb79310-00a5-46c3-aa26-4c539f318181
- client_session_id=18e4e2c0-6cde-4911-869f-1a83ac669702
- device_id=android-4521b2fc925cd29a
2020-12-27 03:45:59,050 - instabot version: 0.117.0 (api_login) - INFO - LOGIN FLOW! Just logged-in: False
2020-12-27 03:46:00,252 - instabot version: 0.117.0 (api) - DEBUG - POST to endpoint: feed/timeline/ returned response: <Response [200]>
2020-12-27 03:46:00,766 - instabot version: 0.117.0 (api) - DEBUG - POST to endpoint: feed/reels_tray/ returned response: <Response [200]>
2020-12-27 03:46:00,767 - instabot version: 0.117.0 (api) - INFO - Logged-in successfully as 'oaks_bot'!
2020-12-27 03:46:00,768 - instabot version: 0.117.0 (bot_checkpoint) - DEBUG - Loading Checkpoint file from: /Users/oak/Work/InstaBot/tg_bot/config/oaks_bot.checkpoint
2020-12-27 03:46:05,789 - instabot version: 0.117.0 (api) - DEBUG - GET to endpoint: users/oak.raw/usernameinfo/ returned response: <Response [200]>
2020-12-27 03:46:07,113 - instabot version: 0.117.0 (api) - DEBUG - GET to endpoint: users/381142195/info/ returned response: <Response [200]>
2020-12-27 03:46:07,753 - instabot version: 0.117.0 (api) - DEBUG - GET to endpoint: users/381142195/info/ returned response: <Response [200]>
2020-12-27 03:46:08,413 - instabot version: 0.117.0 (api) - DEBUG - GET to endpoint: friendships/381142195/followers/?rank_token=45375256743_acb79310-00a5-46c3-aa26-4c539f318181 returned response: <Response [200]>
2020-12-27 03:46:09,060 - instabot version: 0.117.0 (api) - DEBUG - GET to endpoint: friendships/381142195/followers/?rank_token=45375256743_acb79310-00a5-46c3-aa26-4c539f318181&max_id=100 returned response: <Response [200]>
2020-12-27 03:46:09,776 - instabot version: 0.117.0 (api) - DEBUG - GET to endpoint: friendships/381142195/followers/?rank_token=45375256743_acb79310-00a5-46c3-aa26-4c539f318181&max_id=200 returned response: <Response [200]>
2020-12-27 03:46:10,270 - instabot version: 0.117.0 (api) - DEBUG - GET to endpoint: friendships/381142195/followers/?rank_token=45375256743_acb79310-00a5-46c3-aa26-4c539f318181&max_id=300 returned response: <Response [200]>
2020-12-27 03:46:10,799 - instabot version: 0.117.0 (api) - DEBUG - GET to endpoint: friendships/381142195/followers/?rank_token=45375256743_acb79310-00a5-46c3-aa26-4c539f318181&max_id=400 returned response: <Response [200]>
2020-12-27 03:46:11,316 - instabot version: 0.117.0 (api) - DEBUG - GET to endpoint: users/oaks_bot/usernameinfo/ returned response: <Response [200]>
2020-12-27 03:46:12,077 - instabot version: 0.117.0 (api) - DEBUG - GET to endpoint: users/45375256743/info/ returned response: <Response [200]>
2020-12-27 03:46:12,644 - instabot version: 0.117.0 (api) - DEBUG - GET to endpoint: friendships/45375256743/followers/?rank_token=45375256743_acb79310-00a5-46c3-aa26-4c539f318181 returned response: <Response [200]>
2020-12-27 03:46:13,258 - instabot version: 0.117.0 (api) - DEBUG - GET to endpoint: users/236827679/info/ returned response: <Response [200]>
2020-12-27 03:46:13,975 - instabot version: 0.117.0 (api) - DEBUG - GET to endpoint: users/549891035/info/ returned response: <Response [200]>
2020-12-27 03:46:14,588 - instabot version: 0.117.0 (api) - DEBUG - GET to endpoint: users/1226384634/info/ returned response: <Response [200]>
2020-12-27 03:46:15,128 - instabot version: 0.117.0 (api) - DEBUG - GET to endpoint: users/306914465/info/ returned response: <Response [200]>
2020-12-27 03:46:15,613 - instabot version: 0.117.0 (api) - DEBUG - GET to endpoint: users/3805428607/info/ returned response: <Response [200]>
2020-12-27 03:46:16,226 - instabot version: 0.117.0 (api) - DEBUG - GET to endpoint: users/1232001680/info/ returned response: <Response [200]>
2020-12-27 03:46:50,382 - instabot version: 0.117.0 (api) - DEBUG - GET to endpoint: users/ludazudina/usernameinfo/ returned response: <Response [200]>
2020-12-27 03:46:51,455 - instabot version: 0.117.0 (api) - DEBUG - GET to endpoint: users/2009835655/info/ returned response: <Response [200]>
2020-12-27 03:46:52,170 - instabot version: 0.117.0 (api) - DEBUG - GET to endpoint: users/2009835655/info/ returned response: <Response [200]>
2020-12-27 03:46:52,580 - instabot version: 0.117.0 (api) - DEBUG - GET to endpoint: friendships/2009835655/followers/?rank_token=45375256743_acb79310-00a5-46c3-aa26-4c539f318181 returned response: <Response [200]>
2020-12-27 03:46:53,105 - instabot version: 0.117.0 (api) - DEBUG - GET to endpoint: users/dmitriyzudin/usernameinfo/ returned response: <Response [200]>
2020-12-27 03:46:54,328 - instabot version: 0.117.0 (api) - DEBUG - GET to endpoint: users/1702771302/info/ returned response: <Response [200]>
2020-12-27 03:46:55,039 - instabot version: 0.117.0 (api) - DEBUG - GET to endpoint: friendships/1702771302/followers/?rank_token=45375256743_acb79310-00a5-46c3-aa26-4c539f318181 returned response: <Response [200]>
2020-12-27 03:46:55,755 - instabot version: 0.117.0 (api) - DEBUG - GET to endpoint: friendships/1702771302/followers/?rank_token=45375256743_acb79310-00a5-46c3-aa26-4c539f318181&max_id=100 returned response: <Response [200]>
2020-12-27 03:46:56,485 - instabot version: 0.117.0 (api) - DEBUG - GET to endpoint: friendships/1702771302/followers/?rank_token=45375256743_acb79310-00a5-46c3-aa26-4c539f318181&max_id=200 returned response: <Response [200]>
2020-12-27 03:46:57,194 - instabot version: 0.117.0 (api) - DEBUG - GET to endpoint: friendships/1702771302/followers/?rank_token=45375256743_acb79310-00a5-46c3-aa26-4c539f318181&max_id=300 returned response: <Response [200]>
2020-12-27 03:46:57,906 - instabot version: 0.117.0 (api) - DEBUG - GET to endpoint: friendships/1702771302/followers/?rank_token=45375256743_acb79310-00a5-46c3-aa26-4c539f318181&max_id=400 returned response: <Response [200]>
2020-12-27 03:46:58,620 - instabot version: 0.117.0 (api) - DEBUG - GET to endpoint: friendships/1702771302/followers/?rank_token=45375256743_acb79310-00a5-46c3-aa26-4c539f318181&max_id=500 returned response: <Response [200]>
2020-12-27 03:46:59,441 - instabot version: 0.117.0 (api) - DEBUG - GET to endpoint: friendships/1702771302/followers/?rank_token=45375256743_acb79310-00a5-46c3-aa26-4c539f318181&max_id=600 returned response: <Response [200]>
2020-12-27 03:47:00,155 - instabot version: 0.117.0 (api) - DEBUG - GET to endpoint: friendships/1702771302/followers/?rank_token=45375256743_acb79310-00a5-46c3-aa26-4c539f318181&max_id=700 returned response: <Response [200]>
2020-12-27 03:47:00,807 - instabot version: 0.117.0 (api) - DEBUG - GET to endpoint: friendships/1702771302/followers/?rank_token=45375256743_acb79310-00a5-46c3-aa26-4c539f318181&max_id=800 returned response: <Response [200]>
2020-12-27 03:47:01,593 - instabot version: 0.117.0 (api) - DEBUG - GET to endpoint: friendships/1702771302/followers/?rank_token=45375256743_acb79310-00a5-46c3-aa26-4c539f318181&max_id=900 returned response: <Response [200]>
2020-12-27 03:47:02,307 - instabot version: 0.117.0 (api) - DEBUG - GET to endpoint: friendships/1702771302/followers/?rank_token=45375256743_acb79310-00a5-46c3-aa26-4c539f318181&max_id=1000 returned response: <Response [200]>
2020-12-27 03:47:03,026 - instabot version: 0.117.0 (api) - DEBUG - GET to endpoint: friendships/1702771302/followers/?rank_token=45375256743_acb79310-00a5-46c3-aa26-4c539f318181&max_id=1100 returned response: <Response [200]>
2020-12-27 03:47:04,049 - instabot version: 0.117.0 (api) - DEBUG - GET to endpoint: friendships/1702771302/followers/?rank_token=45375256743_acb79310-00a5-46c3-aa26-4c539f318181&max_id=1200 returned response: <Response [200]>
2020-12-27 03:47:04,972 - instabot version: 0.117.0 (api) - DEBUG - GET to endpoint: friendships/1702771302/followers/?rank_token=45375256743_acb79310-00a5-46c3-aa26-4c539f318181&max_id=1300 returned response: <Response [200]>
2020-12-27 03:47:05,687 - instabot version: 0.117.0 (api) - DEBUG - GET to endpoint: friendships/1702771302/followers/?rank_token=45375256743_acb79310-00a5-46c3-aa26-4c539f318181&max_id=1400 returned response: <Response [200]>
2020-12-27 03:47:06,403 - instabot version: 0.117.0 (api) - DEBUG - GET to endpoint: friendships/1702771302/followers/?rank_token=45375256743_acb79310-00a5-46c3-aa26-4c539f318181&max_id=1500 returned response: <Response [200]>
2020-12-27 03:47:54,192 - instabot version: 0.117.0 (bot_checkpoint) - DEBUG - Saving Checkpoint file to: /Users/oak/Work/InstaBot/tg_bot/config/oaks_bot.checkpoint
2020-12-27 03:47:54,192 - instabot version: 0.117.0 (bot) - INFO - Total requests: 172
