2020-12-27 03:50:20,010 - instabot version: 0.117.0 (bot) - INFO - Instabot version: 0.117.0 Started
2020-12-27 03:50:20,011 - instabot version: 0.117.0 (bot) - DEBUG - Bot imported from /Users/oak/opt/anaconda3/lib/python3.7/site-packages/instabot/bot/bot.py
2020-12-27 03:50:20,011 - instabot version: 0.117.0 (api_login) - DEBUG - Loading cookies
2020-12-27 03:50:20,011 - instabot version: 0.117.0 (api_login) - DEBUG - Loading uuids
2020-12-27 03:50:20,011 - instabot version: 0.117.0 (api_login) - INFO - Recovery from /Users/oak/Work/InstaBot/tg_bot/config/oaks_bot_uuid_and_cookie.json: COOKIE True - UUIDs True - TIMING, DEVICE and ...
- user-agent=Instagram 117.0.0.28.123 Android (28/9.0; 420dpi; 1080x1920; OnePlus; ONEPLUS A3003; OnePlus3; qcom; en_US; 180322800)
- phone_id=1af75152-18c2-4e49-aacf-9c4d86c5b00a
- uuid=acb79310-00a5-46c3-aa26-4c539f318181
- client_session_id=18e4e2c0-6cde-4911-869f-1a83ac669702
- device_id=android-4521b2fc925cd29a
2020-12-27 03:50:20,012 - instabot version: 0.117.0 (api_login) - INFO - LOGIN FLOW! Just logged-in: False
2020-12-27 03:50:20,919 - instabot version: 0.117.0 (api) - DEBUG - POST to endpoint: feed/timeline/ returned response: <Response [200]>
2020-12-27 03:50:21,476 - instabot version: 0.117.0 (api) - DEBUG - POST to endpoint: feed/reels_tray/ returned response: <Response [200]>
2020-12-27 03:50:21,477 - instabot version: 0.117.0 (api) - INFO - Logged-in successfully as 'oaks_bot'!
2020-12-27 03:50:21,477 - instabot version: 0.117.0 (bot_checkpoint) - DEBUG - Loading Checkpoint file from: /Users/oak/Work/InstaBot/tg_bot/config/oaks_bot.checkpoint
2020-12-27 03:50:57,828 - instabot version: 0.117.0 (api) - DEBUG - GET to endpoint: users/chupout/usernameinfo/ returned response: <Response [200]>
2020-12-27 03:50:59,264 - instabot version: 0.117.0 (api) - DEBUG - GET to endpoint: users/1749769600/info/ returned response: <Response [200]>
2020-12-27 03:51:00,086 - instabot version: 0.117.0 (api) - DEBUG - GET to endpoint: users/1749769600/info/ returned response: <Response [200]>
2020-12-27 03:51:01,221 - instabot version: 0.117.0 (api) - DEBUG - GET to endpoint: friendships/1749769600/followers/?rank_token=45375256743_acb79310-00a5-46c3-aa26-4c539f318181 returned response: <Response [200]>
2020-12-27 03:51:02,236 - instabot version: 0.117.0 (api) - DEBUG - GET to endpoint: friendships/1749769600/followers/?rank_token=45375256743_acb79310-00a5-46c3-aa26-4c539f318181&max_id=100 returned response: <Response [200]>
2020-12-27 03:51:03,054 - instabot version: 0.117.0 (api) - DEBUG - GET to endpoint: friendships/1749769600/followers/?rank_token=45375256743_acb79310-00a5-46c3-aa26-4c539f318181&max_id=200 returned response: <Response [200]>
2020-12-27 03:51:03,871 - instabot version: 0.117.0 (api) - DEBUG - GET to endpoint: friendships/1749769600/followers/?rank_token=45375256743_acb79310-00a5-46c3-aa26-4c539f318181&max_id=300 returned response: <Response [200]>
2020-12-27 03:51:04,692 - instabot version: 0.117.0 (api) - DEBUG - GET to endpoint: friendships/1749769600/followers/?rank_token=45375256743_acb79310-00a5-46c3-aa26-4c539f318181&max_id=400 returned response: <Response [200]>
2020-12-27 03:51:05,511 - instabot version: 0.117.0 (api) - DEBUG - GET to endpoint: friendships/1749769600/followers/?rank_token=45375256743_acb79310-00a5-46c3-aa26-4c539f318181&max_id=500 returned response: <Response [200]>
2020-12-27 03:51:06,263 - instabot version: 0.117.0 (api) - DEBUG - GET to endpoint: friendships/1749769600/followers/?rank_token=45375256743_acb79310-00a5-46c3-aa26-4c539f318181&max_id=600 returned response: <Response [200]>
2020-12-27 03:51:07,254 - instabot version: 0.117.0 (api) - DEBUG - GET to endpoint: friendships/1749769600/followers/?rank_token=45375256743_acb79310-00a5-46c3-aa26-4c539f318181&max_id=700 returned response: <Response [200]>
2020-12-27 03:51:07,970 - instabot version: 0.117.0 (api) - DEBUG - GET to endpoint: friendships/1749769600/followers/?rank_token=45375256743_acb79310-00a5-46c3-aa26-4c539f318181&max_id=800 returned response: <Response [200]>
2020-12-27 03:51:08,789 - instabot version: 0.117.0 (api) - DEBUG - GET to endpoint: friendships/1749769600/followers/?rank_token=45375256743_acb79310-00a5-46c3-aa26-4c539f318181&max_id=900 returned response: <Response [200]>
2020-12-27 03:51:09,719 - instabot version: 0.117.0 (api) - DEBUG - GET to endpoint: friendships/1749769600/followers/?rank_token=45375256743_acb79310-00a5-46c3-aa26-4c539f318181&max_id=1000 returned response: <Response [200]>
2020-12-27 03:51:10,529 - instabot version: 0.117.0 (api) - DEBUG - GET to endpoint: friendships/1749769600/followers/?rank_token=45375256743_acb79310-00a5-46c3-aa26-4c539f318181&max_id=1100 returned response: <Response [200]>
2020-12-27 03:51:11,366 - instabot version: 0.117.0 (api) - DEBUG - GET to endpoint: friendships/1749769600/followers/?rank_token=45375256743_acb79310-00a5-46c3-aa26-4c539f318181&max_id=1200 returned response: <Response [200]>
2020-12-27 03:51:12,371 - instabot version: 0.117.0 (api) - DEBUG - GET to endpoint: friendships/1749769600/followers/?rank_token=45375256743_acb79310-00a5-46c3-aa26-4c539f318181&max_id=1300 returned response: <Response [200]>
2020-12-27 03:51:13,291 - instabot version: 0.117.0 (api) - DEBUG - GET to endpoint: friendships/1749769600/followers/?rank_token=45375256743_acb79310-00a5-46c3-aa26-4c539f318181&max_id=1400 returned response: <Response [200]>
2020-12-27 03:51:14,217 - instabot version: 0.117.0 (api) - DEBUG - GET to endpoint: friendships/1749769600/followers/?rank_token=45375256743_acb79310-00a5-46c3-aa26-4c539f318181&max_id=1500 returned response: <Response [200]>
2020-12-27 03:51:15,032 - instabot version: 0.117.0 (api) - DEBUG - GET to endpoint: friendships/1749769600/followers/?rank_token=45375256743_acb79310-00a5-46c3-aa26-4c539f318181&max_id=1600 returned response: <Response [200]>
2020-12-27 03:51:15,854 - instabot version: 0.117.0 (api) - DEBUG - GET to endpoint: friendships/1749769600/followers/?rank_token=45375256743_acb79310-00a5-46c3-aa26-4c539f318181&max_id=1700 returned response: <Response [200]>
2020-12-27 03:51:16,669 - instabot version: 0.117.0 (api) - DEBUG - GET to endpoint: friendships/1749769600/followers/?rank_token=45375256743_acb79310-00a5-46c3-aa26-4c539f318181&max_id=1800 returned response: <Response [200]>
2020-12-27 03:51:17,516 - instabot version: 0.117.0 (api) - DEBUG - GET to endpoint: friendships/1749769600/followers/?rank_token=45375256743_acb79310-00a5-46c3-aa26-4c539f318181&max_id=1900 returned response: <Response [200]>
2020-12-27 03:51:18,309 - instabot version: 0.117.0 (api) - DEBUG - GET to endpoint: friendships/1749769600/followers/?rank_token=45375256743_acb79310-00a5-46c3-aa26-4c539f318181&max_id=2000 returned response: <Response [200]>
2020-12-27 03:51:18,819 - instabot version: 0.117.0 (api) - DEBUG - GET to endpoint: users/anglnuri/usernameinfo/ returned response: <Response [200]>
2020-12-27 03:51:19,742 - instabot version: 0.117.0 (api) - DEBUG - GET to endpoint: users/5449225255/info/ returned response: <Response [200]>
2020-12-27 03:51:20,378 - instabot version: 0.117.0 (api) - DEBUG - GET to endpoint: friendships/5449225255/followers/?rank_token=45375256743_acb79310-00a5-46c3-aa26-4c539f318181 returned response: <Response [200]>
2020-12-27 03:51:20,974 - instabot version: 0.117.0 (api) - DEBUG - GET to endpoint: friendships/5449225255/followers/?rank_token=45375256743_acb79310-00a5-46c3-aa26-4c539f318181&max_id=100 returned response: <Response [200]>
2020-12-27 03:51:21,793 - instabot version: 0.117.0 (api) - DEBUG - GET to endpoint: friendships/5449225255/followers/?rank_token=45375256743_acb79310-00a5-46c3-aa26-4c539f318181&max_id=200 returned response: <Response [200]>
2020-12-27 03:51:22,415 - instabot version: 0.117.0 (api) - DEBUG - GET to endpoint: friendships/5449225255/followers/?rank_token=45375256743_acb79310-00a5-46c3-aa26-4c539f318181&max_id=300 returned response: <Response [200]>
2020-12-27 03:51:23,122 - instabot version: 0.117.0 (api) - DEBUG - GET to endpoint: friendships/5449225255/followers/?rank_token=45375256743_acb79310-00a5-46c3-aa26-4c539f318181&max_id=400 returned response: <Response [200]>
2020-12-27 03:51:23,839 - instabot version: 0.117.0 (api) - DEBUG - GET to endpoint: friendships/5449225255/followers/?rank_token=45375256743_acb79310-00a5-46c3-aa26-4c539f318181&max_id=500 returned response: <Response [200]>
2020-12-27 03:51:24,453 - instabot version: 0.117.0 (api) - DEBUG - GET to endpoint: friendships/5449225255/followers/?rank_token=45375256743_acb79310-00a5-46c3-aa26-4c539f318181&max_id=600 returned response: <Response [200]>
2020-12-27 03:51:25,080 - instabot version: 0.117.0 (api) - DEBUG - GET to endpoint: friendships/5449225255/followers/?rank_token=45375256743_acb79310-00a5-46c3-aa26-4c539f318181&max_id=700 returned response: <Response [200]>
2020-12-27 03:51:25,683 - instabot version: 0.117.0 (api) - DEBUG - GET to endpoint: friendships/5449225255/followers/?rank_token=45375256743_acb79310-00a5-46c3-aa26-4c539f318181&max_id=800 returned response: <Response [200]>
2020-12-27 03:51:26,296 - instabot version: 0.117.0 (api) - DEBUG - GET to endpoint: friendships/5449225255/followers/?rank_token=45375256743_acb79310-00a5-46c3-aa26-4c539f318181&max_id=900 returned response: <Response [200]>
2020-12-27 03:51:27,058 - instabot version: 0.117.0 (api) - DEBUG - GET to endpoint: users/356345102/info/ returned response: <Response [200]>
2020-12-27 03:51:27,729 - instabot version: 0.117.0 (api) - DEBUG - GET to endpoint: users/1032240378/info/ returned response: <Response [200]>
2020-12-27 03:51:28,349 - instabot version: 0.117.0 (api) - DEBUG - GET to endpoint: users/3214094370/info/ returned response: <Response [200]>
2020-12-27 03:51:28,964 - instabot version: 0.117.0 (api) - DEBUG - GET to endpoint: users/5843793144/info/ returned response: <Response [200]>
2020-12-27 03:51:29,439 - instabot version: 0.117.0 (api) - DEBUG - GET to endpoint: users/2268756001/info/ returned response: <Response [200]>
2020-12-27 03:51:30,086 - instabot version: 0.117.0 (api) - DEBUG - GET to endpoint: users/381142195/info/ returned response: <Response [200]>
2020-12-27 03:51:30,701 - instabot version: 0.117.0 (api) - DEBUG - GET to endpoint: users/4132226417/info/ returned response: <Response [200]>
2020-12-27 03:51:31,210 - instabot version: 0.117.0 (api) - DEBUG - GET to endpoint: users/4542386094/info/ returned response: <Response [200]>
2020-12-27 03:51:31,934 - instabot version: 0.117.0 (api) - DEBUG - GET to endpoint: users/3037745227/info/ returned response: <Response [200]>
2020-12-27 03:51:32,542 - instabot version: 0.117.0 (api) - DEBUG - GET to endpoint: users/1702528858/info/ returned response: <Response [200]>
2020-12-27 03:51:33,158 - instabot version: 0.117.0 (api) - DEBUG - GET to endpoint: users/1432785851/info/ returned response: <Response [200]>
2020-12-27 03:51:33,669 - instabot version: 0.117.0 (api) - DEBUG - GET to endpoint: users/2241021383/info/ returned response: <Response [200]>
2020-12-27 03:51:34,182 - instabot version: 0.117.0 (api) - DEBUG - GET to endpoint: users/2332504327/info/ returned response: <Response [200]>
2020-12-27 03:51:35,000 - instabot version: 0.117.0 (api) - DEBUG - GET to endpoint: users/3805431278/info/ returned response: <Response [200]>
2020-12-27 03:51:35,718 - instabot version: 0.117.0 (api) - DEBUG - GET to endpoint: users/3464848765/info/ returned response: <Response [200]>
2020-12-27 03:51:36,538 - instabot version: 0.117.0 (api) - DEBUG - GET to endpoint: users/4790447438/info/ returned response: <Response [200]>
2020-12-27 03:51:37,164 - instabot version: 0.117.0 (api) - DEBUG - GET to endpoint: users/5322146901/info/ returned response: <Response [200]>
2020-12-27 03:51:37,850 - instabot version: 0.117.0 (api) - DEBUG - GET to endpoint: users/372707771/info/ returned response: <Response [200]>
2020-12-27 03:51:38,476 - instabot version: 0.117.0 (api) - DEBUG - GET to endpoint: users/5984298452/info/ returned response: <Response [200]>
2020-12-27 03:51:39,199 - instabot version: 0.117.0 (api) - DEBUG - GET to endpoint: users/3967468925/info/ returned response: <Response [200]>
2020-12-27 03:51:40,026 - instabot version: 0.117.0 (api) - DEBUG - GET to endpoint: users/1200630520/info/ returned response: <Response [200]>
2020-12-27 03:51:40,837 - instabot version: 0.117.0 (api) - DEBUG - GET to endpoint: users/2163015001/info/ returned response: <Response [200]>
2020-12-27 03:51:41,451 - instabot version: 0.117.0 (api) - DEBUG - GET to endpoint: users/1428887635/info/ returned response: <Response [200]>
2020-12-27 04:18:05,187 - instabot version: 0.117.0 (bot_checkpoint) - DEBUG - Saving Checkpoint file to: /Users/oak/Work/InstaBot/tg_bot/config/oaks_bot.checkpoint
2020-12-27 04:18:05,190 - instabot version: 0.117.0 (bot) - INFO - Total requests: 253
