2020-12-27 03:48:35,100 - instabot version: 0.117.0 (bot) - INFO - Instabot version: 0.117.0 Started
2020-12-27 03:48:35,101 - instabot version: 0.117.0 (bot) - DEBUG - Bot imported from /Users/oak/opt/anaconda3/lib/python3.7/site-packages/instabot/bot/bot.py
2020-12-27 03:48:35,101 - instabot version: 0.117.0 (api_login) - DEBUG - Loading cookies
2020-12-27 03:48:35,101 - instabot version: 0.117.0 (api_login) - DEBUG - Loading uuids
2020-12-27 03:48:35,101 - instabot version: 0.117.0 (api_login) - INFO - Recovery from /Users/oak/Work/InstaBot/tg_bot/config/oaks_bot_uuid_and_cookie.json: COOKIE True - UUIDs True - TIMING, DEVICE and ...
- user-agent=Instagram 117.0.0.28.123 Android (28/9.0; 420dpi; 1080x1920; OnePlus; ONEPLUS A3003; OnePlus3; qcom; en_US; 180322800)
- phone_id=1af75152-18c2-4e49-aacf-9c4d86c5b00a
- uuid=acb79310-00a5-46c3-aa26-4c539f318181
- client_session_id=18e4e2c0-6cde-4911-869f-1a83ac669702
- device_id=android-4521b2fc925cd29a
2020-12-27 03:48:35,101 - instabot version: 0.117.0 (api_login) - INFO - LOGIN FLOW! Just logged-in: False
2020-12-27 03:48:36,191 - instabot version: 0.117.0 (api) - DEBUG - POST to endpoint: feed/timeline/ returned response: <Response [200]>
2020-12-27 03:48:36,693 - instabot version: 0.117.0 (api) - DEBUG - POST to endpoint: feed/reels_tray/ returned response: <Response [200]>
2020-12-27 03:48:36,694 - instabot version: 0.117.0 (api) - INFO - Logged-in successfully as 'oaks_bot'!
2020-12-27 03:48:36,694 - instabot version: 0.117.0 (bot_checkpoint) - DEBUG - Loading Checkpoint file from: /Users/oak/Work/InstaBot/tg_bot/config/oaks_bot.checkpoint
2020-12-27 03:48:39,461 - instabot version: 0.117.0 (api) - DEBUG - GET to endpoint: users/ludazudina/usernameinfo/ returned response: <Response [200]>
2020-12-27 03:48:40,406 - instabot version: 0.117.0 (api) - DEBUG - GET to endpoint: users/2009835655/info/ returned response: <Response [200]>
2020-12-27 03:48:41,127 - instabot version: 0.117.0 (api) - DEBUG - GET to endpoint: users/2009835655/info/ returned response: <Response [200]>
2020-12-27 03:48:41,657 - instabot version: 0.117.0 (api) - DEBUG - GET to endpoint: friendships/2009835655/followers/?rank_token=45375256743_acb79310-00a5-46c3-aa26-4c539f318181 returned response: <Response [200]>
2020-12-27 03:48:42,486 - instabot version: 0.117.0 (api) - DEBUG - GET to endpoint: users/dmitriyzudin/usernameinfo/ returned response: <Response [200]>
2020-12-27 03:48:43,637 - instabot version: 0.117.0 (api) - DEBUG - GET to endpoint: users/1702771302/info/ returned response: <Response [200]>
2020-12-27 03:48:44,572 - instabot version: 0.117.0 (api) - DEBUG - GET to endpoint: friendships/1702771302/followers/?rank_token=45375256743_acb79310-00a5-46c3-aa26-4c539f318181 returned response: <Response [200]>
2020-12-27 03:48:45,329 - instabot version: 0.117.0 (api) - DEBUG - GET to endpoint: friendships/1702771302/followers/?rank_token=45375256743_acb79310-00a5-46c3-aa26-4c539f318181&max_id=100 returned response: <Response [200]>
2020-12-27 03:48:46,040 - instabot version: 0.117.0 (api) - DEBUG - GET to endpoint: friendships/1702771302/followers/?rank_token=45375256743_acb79310-00a5-46c3-aa26-4c539f318181&max_id=200 returned response: <Response [200]>
2020-12-27 03:48:46,756 - instabot version: 0.117.0 (api) - DEBUG - GET to endpoint: friendships/1702771302/followers/?rank_token=45375256743_acb79310-00a5-46c3-aa26-4c539f318181&max_id=300 returned response: <Response [200]>
2020-12-27 03:48:47,479 - instabot version: 0.117.0 (api) - DEBUG - GET to endpoint: friendships/1702771302/followers/?rank_token=45375256743_acb79310-00a5-46c3-aa26-4c539f318181&max_id=400 returned response: <Response [200]>
2020-12-27 03:48:48,189 - instabot version: 0.117.0 (api) - DEBUG - GET to endpoint: friendships/1702771302/followers/?rank_token=45375256743_acb79310-00a5-46c3-aa26-4c539f318181&max_id=500 returned response: <Response [200]>
2020-12-27 03:48:48,908 - instabot version: 0.117.0 (api) - DEBUG - GET to endpoint: friendships/1702771302/followers/?rank_token=45375256743_acb79310-00a5-46c3-aa26-4c539f318181&max_id=600 returned response: <Response [200]>
2020-12-27 03:48:49,768 - instabot version: 0.117.0 (api) - DEBUG - GET to endpoint: friendships/1702771302/followers/?rank_token=45375256743_acb79310-00a5-46c3-aa26-4c539f318181&max_id=700 returned response: <Response [200]>
2020-12-27 03:48:50,459 - instabot version: 0.117.0 (api) - DEBUG - GET to endpoint: friendships/1702771302/followers/?rank_token=45375256743_acb79310-00a5-46c3-aa26-4c539f318181&max_id=800 returned response: <Response [200]>
2020-12-27 03:48:51,370 - instabot version: 0.117.0 (api) - DEBUG - GET to endpoint: friendships/1702771302/followers/?rank_token=45375256743_acb79310-00a5-46c3-aa26-4c539f318181&max_id=900 returned response: <Response [200]>
2020-12-27 03:48:52,079 - instabot version: 0.117.0 (api) - DEBUG - GET to endpoint: friendships/1702771302/followers/?rank_token=45375256743_acb79310-00a5-46c3-aa26-4c539f318181&max_id=1000 returned response: <Response [200]>
2020-12-27 03:48:52,899 - instabot version: 0.117.0 (api) - DEBUG - GET to endpoint: friendships/1702771302/followers/?rank_token=45375256743_acb79310-00a5-46c3-aa26-4c539f318181&max_id=1100 returned response: <Response [200]>
2020-12-27 03:48:53,880 - instabot version: 0.117.0 (api) - DEBUG - GET to endpoint: friendships/1702771302/followers/?rank_token=45375256743_acb79310-00a5-46c3-aa26-4c539f318181&max_id=1200 returned response: <Response [200]>
2020-12-27 03:48:54,640 - instabot version: 0.117.0 (api) - DEBUG - GET to endpoint: friendships/1702771302/followers/?rank_token=45375256743_acb79310-00a5-46c3-aa26-4c539f318181&max_id=1300 returned response: <Response [200]>
2020-12-27 03:48:55,471 - instabot version: 0.117.0 (api) - DEBUG - GET to endpoint: friendships/1702771302/followers/?rank_token=45375256743_acb79310-00a5-46c3-aa26-4c539f318181&max_id=1400 returned response: <Response [200]>
2020-12-27 03:48:56,204 - instabot version: 0.117.0 (api) - DEBUG - GET to endpoint: friendships/1702771302/followers/?rank_token=45375256743_acb79310-00a5-46c3-aa26-4c539f318181&max_id=1500 returned response: <Response [200]>
2020-12-27 03:49:09,989 - instabot version: 0.117.0 (bot_checkpoint) - DEBUG - Saving Checkpoint file to: /Users/oak/Work/InstaBot/tg_bot/config/oaks_bot.checkpoint
2020-12-27 03:49:09,990 - instabot version: 0.117.0 (bot) - INFO - Total requests: 194
