2020-12-27 02:16:26,693 - instabot version: 0.117.0 (bot) - INFO - Instabot version: 0.117.0 Started
2020-12-27 02:16:26,693 - instabot version: 0.117.0 (bot) - DEBUG - Bot imported from /Users/oak/opt/anaconda3/lib/python3.7/site-packages/instabot/bot/bot.py
2020-12-27 02:16:26,693 - instabot version: 0.117.0 (api_login) - DEBUG - Loading cookies
2020-12-27 02:16:26,694 - instabot version: 0.117.0 (api_login) - DEBUG - Loading uuids
2020-12-27 02:16:26,694 - instabot version: 0.117.0 (api_login) - INFO - Recovery from /Users/oak/Work/InstaBot/tg_bot/config/oaks_bot_uuid_and_cookie.json: COOKIE True - UUIDs True - TIMING, DEVICE and ...
- user-agent=Instagram 117.0.0.28.123 Android (28/9.0; 420dpi; 1080x1920; OnePlus; ONEPLUS A3003; OnePlus3; qcom; en_US; 180322800)
- phone_id=1af75152-18c2-4e49-aacf-9c4d86c5b00a
- uuid=acb79310-00a5-46c3-aa26-4c539f318181
- client_session_id=5d95a8d0-3698-4336-a9f8-2352d7e572a6
- device_id=android-4521b2fc925cd29a
2020-12-27 02:16:26,694 - instabot version: 0.117.0 (api_login) - INFO - LOGIN FLOW! Just logged-in: False
2020-12-27 02:16:27,744 - instabot version: 0.117.0 (api) - DEBUG - POST to endpoint: feed/timeline/ returned response: <Response [200]>
2020-12-27 02:16:28,193 - instabot version: 0.117.0 (api) - DEBUG - POST to endpoint: feed/reels_tray/ returned response: <Response [200]>
2020-12-27 02:16:28,194 - instabot version: 0.117.0 (api) - INFO - Logged-in successfully as 'oaks_bot'!
2020-12-27 02:16:28,195 - instabot version: 0.117.0 (bot_checkpoint) - DEBUG - Loading Checkpoint file from: /Users/oak/Work/InstaBot/tg_bot/config/oaks_bot.checkpoint
2020-12-27 02:16:33,132 - instabot version: 0.117.0 (api) - DEBUG - GET to endpoint: users/oak.raw/usernameinfo/ returned response: <Response [200]>
2020-12-27 02:16:34,052 - instabot version: 0.117.0 (api) - DEBUG - GET to endpoint: users/381142195/info/ returned response: <Response [200]>
2020-12-27 02:16:34,582 - instabot version: 0.117.0 (api) - DEBUG - GET to endpoint: users/381142195/info/ returned response: <Response [200]>
2020-12-27 02:16:35,178 - instabot version: 0.117.0 (api) - DEBUG - GET to endpoint: friendships/381142195/followers/?rank_token=45375256743_acb79310-00a5-46c3-aa26-4c539f318181 returned response: <Response [200]>
2020-12-27 02:16:35,690 - instabot version: 0.117.0 (api) - DEBUG - GET to endpoint: friendships/381142195/followers/?rank_token=45375256743_acb79310-00a5-46c3-aa26-4c539f318181&max_id=100 returned response: <Response [200]>
2020-12-27 02:16:36,187 - instabot version: 0.117.0 (api) - DEBUG - GET to endpoint: friendships/381142195/followers/?rank_token=45375256743_acb79310-00a5-46c3-aa26-4c539f318181&max_id=200 returned response: <Response [200]>
2020-12-27 02:16:36,918 - instabot version: 0.117.0 (api) - DEBUG - GET to endpoint: friendships/381142195/followers/?rank_token=45375256743_acb79310-00a5-46c3-aa26-4c539f318181&max_id=300 returned response: <Response [200]>
2020-12-27 02:16:37,534 - instabot version: 0.117.0 (api) - DEBUG - GET to endpoint: friendships/381142195/followers/?rank_token=45375256743_acb79310-00a5-46c3-aa26-4c539f318181&max_id=400 returned response: <Response [200]>
2020-12-27 02:16:52,148 - instabot version: 0.117.0 (bot_checkpoint) - DEBUG - Saving Checkpoint file to: /Users/oak/Work/InstaBot/tg_bot/config/oaks_bot.checkpoint
2020-12-27 02:16:52,148 - instabot version: 0.117.0 (bot) - INFO - Total requests: 39
