2020-12-27 03:44:24,477 - instabot version: 0.117.0 (bot) - INFO - Instabot version: 0.117.0 Started
2020-12-27 03:44:24,477 - instabot version: 0.117.0 (bot) - DEBUG - Bot imported from /Users/oak/opt/anaconda3/lib/python3.7/site-packages/instabot/bot/bot.py
2020-12-27 03:44:24,478 - instabot version: 0.117.0 (api_login) - DEBUG - Loading cookies
2020-12-27 03:44:24,478 - instabot version: 0.117.0 (api_login) - DEBUG - Loading uuids
2020-12-27 03:44:24,478 - instabot version: 0.117.0 (api_login) - INFO - Recovery from /Users/oak/Work/InstaBot/tg_bot/config/oaks_bot_uuid_and_cookie.json: COOKIE True - UUIDs True - TIMING, DEVICE and ...
- user-agent=Instagram 117.0.0.28.123 Android (28/9.0; 420dpi; 1080x1920; OnePlus; ONEPLUS A3003; OnePlus3; qcom; en_US; 180322800)
- phone_id=1af75152-18c2-4e49-aacf-9c4d86c5b00a
- uuid=acb79310-00a5-46c3-aa26-4c539f318181
- client_session_id=18e4e2c0-6cde-4911-869f-1a83ac669702
- device_id=android-4521b2fc925cd29a
2020-12-27 03:44:24,478 - instabot version: 0.117.0 (api_login) - INFO - LOGIN FLOW! Just logged-in: False
2020-12-27 03:44:26,058 - instabot version: 0.117.0 (api) - DEBUG - POST to endpoint: feed/timeline/ returned response: <Response [200]>
2020-12-27 03:44:26,556 - instabot version: 0.117.0 (api) - DEBUG - POST to endpoint: feed/reels_tray/ returned response: <Response [200]>
2020-12-27 03:44:26,557 - instabot version: 0.117.0 (api) - INFO - Logged-in successfully as 'oaks_bot'!
2020-12-27 03:44:26,557 - instabot version: 0.117.0 (bot_checkpoint) - DEBUG - Loading Checkpoint file from: /Users/oak/Work/InstaBot/tg_bot/config/oaks_bot.checkpoint
2020-12-27 03:44:30,449 - instabot version: 0.117.0 (api) - DEBUG - GET to endpoint: users/oak.raw/usernameinfo/ returned response: <Response [200]>
2020-12-27 03:44:31,575 - instabot version: 0.117.0 (api) - DEBUG - GET to endpoint: users/381142195/info/ returned response: <Response [200]>
2020-12-27 03:44:32,192 - instabot version: 0.117.0 (api) - DEBUG - GET to endpoint: users/381142195/info/ returned response: <Response [200]>
2020-12-27 03:44:32,663 - instabot version: 0.117.0 (api) - DEBUG - GET to endpoint: friendships/381142195/followers/?rank_token=45375256743_acb79310-00a5-46c3-aa26-4c539f318181 returned response: <Response [200]>
2020-12-27 03:44:33,218 - instabot version: 0.117.0 (api) - DEBUG - GET to endpoint: friendships/381142195/followers/?rank_token=45375256743_acb79310-00a5-46c3-aa26-4c539f318181&max_id=100 returned response: <Response [200]>
2020-12-27 03:44:33,929 - instabot version: 0.117.0 (api) - DEBUG - GET to endpoint: friendships/381142195/followers/?rank_token=45375256743_acb79310-00a5-46c3-aa26-4c539f318181&max_id=200 returned response: <Response [200]>
2020-12-27 03:44:34,460 - instabot version: 0.117.0 (api) - DEBUG - GET to endpoint: friendships/381142195/followers/?rank_token=45375256743_acb79310-00a5-46c3-aa26-4c539f318181&max_id=300 returned response: <Response [200]>
2020-12-27 03:44:35,059 - instabot version: 0.117.0 (api) - DEBUG - GET to endpoint: friendships/381142195/followers/?rank_token=45375256743_acb79310-00a5-46c3-aa26-4c539f318181&max_id=400 returned response: <Response [200]>
2020-12-27 03:44:35,567 - instabot version: 0.117.0 (api) - DEBUG - GET to endpoint: users/2154849280/info/ returned response: <Response [200]>
2020-12-27 03:44:36,081 - instabot version: 0.117.0 (api) - DEBUG - GET to endpoint: users/2041092913/info/ returned response: <Response [200]>
2020-12-27 03:44:51,441 - instabot version: 0.117.0 (api) - DEBUG - GET to endpoint: media/2409052937758240960/info/ returned response: <Response [200]>
2020-12-27 03:44:52,367 - instabot version: 0.117.0 (api) - DEBUG - GET to endpoint: media/2409052937758240960/likers/? returned response: <Response [200]>
2020-12-27 03:44:52,975 - instabot version: 0.117.0 (api) - DEBUG - GET to endpoint: users/1685064028/info/ returned response: <Response [200]>
2020-12-27 03:44:53,487 - instabot version: 0.117.0 (api) - DEBUG - GET to endpoint: users/861776060/info/ returned response: <Response [200]>
2020-12-27 03:45:01,271 - instabot version: 0.117.0 (api) - DEBUG - GET to endpoint: media/2409052937758240960/info/ returned response: <Response [200]>
2020-12-27 03:45:01,884 - instabot version: 0.117.0 (api) - DEBUG - GET to endpoint: media/2409052937758240960/comments/ returned response: <Response [200]>
2020-12-27 03:45:02,396 - instabot version: 0.117.0 (api) - DEBUG - GET to endpoint: media/2409052937758240960/comments/?max_id={"server_cursor": "QVFDSEFyLXJuVG5qRDNDMlk5endCSDNYLUF4amR6ZUxMY1JlbzdJUUl5dDVxV2FWeWRJVS05cXNMbEIzSmtCQjlxbmwwbF8yOTFMV1NwanpkNlZnZE5ncQ==", "is_server_cursor_inverse": false} returned response: <Response [200]>
2020-12-27 03:45:34,857 - instabot version: 0.117.0 (api) - DEBUG - GET to endpoint: users/381142195/info/ returned response: <Response [200]>
2020-12-27 03:45:35,342 - instabot version: 0.117.0 (api) - DEBUG - GET to endpoint: friendships/381142195/followers/?rank_token=45375256743_acb79310-00a5-46c3-aa26-4c539f318181 returned response: <Response [200]>
2020-12-27 03:45:35,884 - instabot version: 0.117.0 (api) - DEBUG - GET to endpoint: friendships/381142195/followers/?rank_token=45375256743_acb79310-00a5-46c3-aa26-4c539f318181&max_id=100 returned response: <Response [200]>
2020-12-27 03:45:36,495 - instabot version: 0.117.0 (api) - DEBUG - GET to endpoint: friendships/381142195/followers/?rank_token=45375256743_acb79310-00a5-46c3-aa26-4c539f318181&max_id=200 returned response: <Response [200]>
2020-12-27 03:45:37,010 - instabot version: 0.117.0 (api) - DEBUG - GET to endpoint: friendships/381142195/followers/?rank_token=45375256743_acb79310-00a5-46c3-aa26-4c539f318181&max_id=300 returned response: <Response [200]>
2020-12-27 03:45:37,725 - instabot version: 0.117.0 (api) - DEBUG - GET to endpoint: friendships/381142195/followers/?rank_token=45375256743_acb79310-00a5-46c3-aa26-4c539f318181&max_id=400 returned response: <Response [200]>
2020-12-27 03:45:38,347 - instabot version: 0.117.0 (api) - DEBUG - GET to endpoint: users/oaks_bot/usernameinfo/ returned response: <Response [200]>
2020-12-27 03:45:39,775 - instabot version: 0.117.0 (api) - DEBUG - GET to endpoint: users/45375256743/info/ returned response: <Response [200]>
2020-12-27 03:45:40,182 - instabot version: 0.117.0 (api) - DEBUG - GET to endpoint: friendships/45375256743/followers/?rank_token=45375256743_acb79310-00a5-46c3-aa26-4c539f318181 returned response: <Response [200]>
2020-12-27 03:45:40,797 - instabot version: 0.117.0 (api) - DEBUG - GET to endpoint: users/1232001680/info/ returned response: <Response [200]>
2020-12-27 03:45:41,410 - instabot version: 0.117.0 (api) - DEBUG - GET to endpoint: users/549891035/info/ returned response: <Response [200]>
2020-12-27 03:45:42,127 - instabot version: 0.117.0 (api) - DEBUG - GET to endpoint: users/3805428607/info/ returned response: <Response [200]>
2020-12-27 03:45:42,743 - instabot version: 0.117.0 (api) - DEBUG - GET to endpoint: users/236827679/info/ returned response: <Response [200]>
2020-12-27 03:45:43,347 - instabot version: 0.117.0 (api) - DEBUG - GET to endpoint: users/1226384634/info/ returned response: <Response [200]>
2020-12-27 03:45:43,971 - instabot version: 0.117.0 (api) - DEBUG - GET to endpoint: users/306914465/info/ returned response: <Response [200]>
2020-12-27 03:45:57,776 - instabot version: 0.117.0 (bot_checkpoint) - DEBUG - Saving Checkpoint file to: /Users/oak/Work/InstaBot/tg_bot/config/oaks_bot.checkpoint
2020-12-27 03:45:57,777 - instabot version: 0.117.0 (bot) - INFO - Total requests: 133
