2020-12-27 03:20:50,919 - instabot version: 0.117.0 (bot) - INFO - Instabot version: 0.117.0 Started
2020-12-27 03:20:50,919 - instabot version: 0.117.0 (bot) - DEBUG - Bot imported from /Users/oak/opt/anaconda3/lib/python3.7/site-packages/instabot/bot/bot.py
2020-12-27 03:20:50,920 - instabot version: 0.117.0 (api_login) - DEBUG - Loading cookies
2020-12-27 03:20:50,920 - instabot version: 0.117.0 (api_login) - DEBUG - Loading uuids
2020-12-27 03:20:50,920 - instabot version: 0.117.0 (api_login) - INFO - Recovery from /Users/oak/Work/InstaBot/tg_bot/config/oaks_bot_uuid_and_cookie.json: COOKIE True - UUIDs True - TIMING, DEVICE and ...
- user-agent=Instagram 117.0.0.28.123 Android (28/9.0; 420dpi; 1080x1920; OnePlus; ONEPLUS A3003; OnePlus3; qcom; en_US; 180322800)
- phone_id=1af75152-18c2-4e49-aacf-9c4d86c5b00a
- uuid=acb79310-00a5-46c3-aa26-4c539f318181
- client_session_id=59c2e6d4-9b1c-468e-a0bf-5a5849d9c62f
- device_id=android-4521b2fc925cd29a
2020-12-27 03:20:50,920 - instabot version: 0.117.0 (api_login) - INFO - LOGIN FLOW! Just logged-in: False
2020-12-27 03:20:51,934 - instabot version: 0.117.0 (api) - DEBUG - POST to endpoint: feed/timeline/ returned response: <Response [200]>
2020-12-27 03:20:52,509 - instabot version: 0.117.0 (api) - DEBUG - POST to endpoint: feed/reels_tray/ returned response: <Response [200]>
2020-12-27 03:20:52,510 - instabot version: 0.117.0 (api) - INFO - Logged-in successfully as 'oaks_bot'!
2020-12-27 03:20:52,510 - instabot version: 0.117.0 (bot_checkpoint) - DEBUG - Loading Checkpoint file from: /Users/oak/Work/InstaBot/tg_bot/config/oaks_bot.checkpoint
2020-12-27 03:22:49,654 - instabot version: 0.117.0 (api) - DEBUG - GET to endpoint: media/2409052937758240960/info/ returned response: <Response [200]>
2020-12-27 03:22:50,474 - instabot version: 0.117.0 (api) - DEBUG - GET to endpoint: media/2409052937758240960/comments/ returned response: <Response [200]>
2020-12-27 03:22:51,089 - instabot version: 0.117.0 (api) - DEBUG - GET to endpoint: media/2409052937758240960/comments/?max_id={"server_cursor": "QVFBemQ5b1RNMWhKWl9VRHRUbDlrcm16N2liU3IyVE5jZE1UUFdnZURjSE9nLVdNT1pJVmRKczFZRTlrZzVMcmdQcS1vTHRPZ0JCY2JIWG1ZQjNhNm4zSA==", "is_server_cursor_inverse": false} returned response: <Response [200]>
2020-12-27 03:23:03,867 - instabot version: 0.117.0 (bot_checkpoint) - DEBUG - Saving Checkpoint file to: /Users/oak/Work/InstaBot/tg_bot/config/oaks_bot.checkpoint
2020-12-27 03:23:03,868 - instabot version: 0.117.0 (bot) - INFO - Total requests: 87
