2020-12-27 02:58:58,053 - instabot version: 0.117.0 (bot) - INFO - Instabot version: 0.117.0 Started
2020-12-27 02:58:58,053 - instabot version: 0.117.0 (bot) - DEBUG - Bot imported from /Users/oak/opt/anaconda3/lib/python3.7/site-packages/instabot/bot/bot.py
2020-12-27 02:58:58,054 - instabot version: 0.117.0 (api_login) - DEBUG - Loading cookies
2020-12-27 02:58:58,055 - instabot version: 0.117.0 (api_login) - DEBUG - Loading uuids
2020-12-27 02:58:58,055 - instabot version: 0.117.0 (api_login) - INFO - Recovery from /Users/oak/Work/InstaBot/tg_bot/config/oaks_bot_uuid_and_cookie.json: COOKIE True - UUIDs True - TIMING, DEVICE and ...
- user-agent=Instagram 117.0.0.28.123 Android (28/9.0; 420dpi; 1080x1920; OnePlus; ONEPLUS A3003; OnePlus3; qcom; en_US; 180322800)
- phone_id=1af75152-18c2-4e49-aacf-9c4d86c5b00a
- uuid=acb79310-00a5-46c3-aa26-4c539f318181
- client_session_id=5d95a8d0-3698-4336-a9f8-2352d7e572a6
- device_id=android-4521b2fc925cd29a
2020-12-27 02:58:58,055 - instabot version: 0.117.0 (api_login) - INFO - LOGIN FLOW! Just logged-in: False
2020-12-27 02:58:59,472 - instabot version: 0.117.0 (api) - DEBUG - POST to endpoint: feed/timeline/ returned response: <Response [200]>
2020-12-27 02:59:00,136 - instabot version: 0.117.0 (api) - DEBUG - POST to endpoint: feed/reels_tray/ returned response: <Response [200]>
2020-12-27 02:59:00,630 - instabot version: 0.117.0 (api) - DEBUG - POST to endpoint: direct_v2/ranked_recipients/ returned response: <Response [200]>
2020-12-27 02:59:01,057 - instabot version: 0.117.0 (api) - DEBUG - POST to endpoint: direct_v2/ranked_recipients/ returned response: <Response [200]>
2020-12-27 02:59:01,572 - instabot version: 0.117.0 (api) - DEBUG - POST to endpoint: direct_v2/inbox/ returned response: <Response [200]>
2020-12-27 02:59:02,083 - instabot version: 0.117.0 (api) - DEBUG - GET to endpoint: direct_v2/get_presence/ returned response: <Response [200]>
2020-12-27 02:59:02,800 - instabot version: 0.117.0 (api) - DEBUG - GET to endpoint: news/inbox/?limited_activity=true&show_su=true returned response: <Response [200]>
2020-12-27 02:59:03,255 - instabot version: 0.117.0 (api) - DEBUG - GET to endpoint: users/profile_notice/ returned response: <Response [200]>
2020-12-27 02:59:03,753 - instabot version: 0.117.0 (api) - DEBUG - POST to endpoint: discover/explore/ returned response: <Response [200]>
2020-12-27 02:59:03,754 - instabot version: 0.117.0 (api) - INFO - Logged-in successfully as 'oaks_bot'!
2020-12-27 02:59:03,754 - instabot version: 0.117.0 (bot_checkpoint) - DEBUG - Loading Checkpoint file from: /Users/oak/Work/InstaBot/tg_bot/config/oaks_bot.checkpoint
2020-12-27 02:59:49,470 - instabot version: 0.117.0 (bot_checkpoint) - DEBUG - Saving Checkpoint file to: /Users/oak/Work/InstaBot/tg_bot/config/oaks_bot.checkpoint
2020-12-27 02:59:49,471 - instabot version: 0.117.0 (bot) - INFO - Total requests: 56
